[{"line":21,"elements":[{"start_timestamp":"2025-07-10T03:42:07.575Z","before":[{"result":{"duration":1919166700,"status":"passed"},"match":{"location":"com.saucedemo.utils.Hooks.setup()"}}],"line":25,"name":"Successful checkout","description":"","id":"checkout-process;successful-checkout","after":[{"result":{"duration":300401600,"status":"passed"},"match":{"location":"com.saucedemo.utils.Hooks.tearDown(io.cucumber.java.Scenario)"}}],"type":"scenario","keyword":"Scenario","steps":[{"result":{"error_message":"io.cucumber.core.exception.CucumberException: Failed to instantiate class com.saucedemo.tests.CheckoutSteps\r\n\tat io.cucumber.core.backend.DefaultObjectFactory.cacheNewInstance(DefaultObjectFactory.java:67)\r\n\tat io.cucumber.core.backend.DefaultObjectFactory.getInstance(DefaultObjectFactory.java:45)\r\n\tat io.cucumber.java.AbstractGlueDefinition.invokeMethod(AbstractGlueDefinition.java:47)\r\n\tat io.cucumber.java.JavaStepDefinition.execute(JavaStepDefinition.java:29)\r\n\tat io.cucumber.core.runner.CoreStepDefinition.execute(CoreStepDefinition.java:66)\r\n\tat io.cucumber.core.runner.PickleStepDefinitionMatch.runStep(PickleStepDefinitionMatch.java:63)\r\n\tat io.cucumber.core.runner.ExecutionMode$1.execute(ExecutionMode.java:10)\r\n\tat io.cucumber.core.runner.TestStep.executeStep(TestStep.java:84)\r\n\tat io.cucumber.core.runner.TestStep.run(TestStep.java:56)\r\n\tat io.cucumber.core.runner.PickleStepTestStep.run(PickleStepTestStep.java:51)\r\n\tat io.cucumber.core.runner.TestCase.run(TestCase.java:84)\r\n\tat io.cucumber.core.runner.Runner.runPickle(Runner.java:75)\r\n\tat io.cucumber.junit.PickleRunners$NoStepDescriptions.lambda$run$0(PickleRunners.java:151)\r\n\tat io.cucumber.core.runtime.CucumberExecutionContext.lambda$runTestCase$5(CucumberExecutionContext.java:137)\r\n\tat io.cucumber.core.runtime.RethrowingThrowableCollector.executeAndThrow(RethrowingThrowableCollector.java:23)\r\n\tat io.cucumber.core.runtime.CucumberExecutionContext.runTestCase(CucumberExecutionContext.java:137)\r\n\tat io.cucumber.junit.PickleRunners$NoStepDescriptions.run(PickleRunners.java:148)\r\n\tat io.cucumber.junit.FeatureRunner.runChild(FeatureRunner.java:144)\r\n\tat io.cucumber.junit.FeatureRunner.runChild(FeatureRunner.java:28)\r\n\tat org.junit.runners.ParentRunner$4.run(ParentRunner.java:331)\r\n\tat org.junit.runners.ParentRunner$1.schedule(ParentRunner.java:79)\r\n\tat org.junit.runners.ParentRunner.runChildren(ParentRunner.java:329)\r\n\tat org.junit.runners.ParentRunner.access$100(ParentRunner.java:66)\r\n\tat org.junit.runners.ParentRunner$2.evaluate(ParentRunner.java:293)\r\n\tat org.junit.runners.ParentRunner$3.evaluate(ParentRunner.java:306)\r\n\tat org.junit.runners.ParentRunner.run(ParentRunner.java:413)\r\n\tat io.cucumber.junit.FeatureRunner.run(FeatureRunner.java:137)\r\n\tat io.cucumber.junit.Cucumber.runChild(Cucumber.java:196)\r\n\tat io.cucumber.junit.Cucumber.runChild(Cucumber.java:89)\r\n\tat org.junit.runners.ParentRunner$4.run(ParentRunner.java:331)\r\n\tat org.junit.runners.ParentRunner$1.schedule(ParentRunner.java:79)\r\n\tat org.junit.runners.ParentRunner.runChildren(ParentRunner.java:329)\r\n\tat org.junit.runners.ParentRunner.access$100(ParentRunner.java:66)\r\n\tat org.junit.runners.ParentRunner$2.evaluate(ParentRunner.java:293)\r\n\tat io.cucumber.core.runtime.CucumberExecutionContext.lambda$runFeatures$6(CucumberExecutionContext.java:148)\r\n\tat io.cucumber.core.runtime.CucumberExecutionContext.execute(CucumberExecutionContext.java:163)\r\n\tat io.cucumber.core.runtime.CucumberExecutionContext.runFeatures(CucumberExecutionContext.java:146)\r\n\tat io.cucumber.junit.Cucumber$StartAndFinishTestRun.evaluate(Cucumber.java:226)\r\n\tat org.junit.runners.ParentRunner$3.evaluate(ParentRunner.java:306)\r\n\tat org.junit.runners.ParentRunner.run(ParentRunner.java:413)\r\n\tat org.eclipse.jdt.internal.junit4.runner.JUnit4TestReference.run(JUnit4TestReference.java:93)\r\n\tat org.eclipse.jdt.internal.junit.runner.TestExecution.run(TestExecution.java:40)\r\n\tat org.eclipse.jdt.internal.junit.runner.RemoteTestRunner.runTests(RemoteTestRunner.java:520)\r\n\tat org.eclipse.jdt.internal.junit.runner.RemoteTestRunner.runTests(RemoteTestRunner.java:748)\r\n\tat org.eclipse.jdt.internal.junit.runner.RemoteTestRunner.run(RemoteTestRunner.java:443)\r\n\tat org.eclipse.jdt.internal.junit.runner.RemoteTestRunner.main(RemoteTestRunner.java:211)\r\nCaused by: java.lang.reflect.InvocationTargetException\r\n\tat java.base/jdk.internal.reflect.DirectConstructorHandleAccessor.newInstance(DirectConstructorHandleAccessor.java:74)\r\n\tat java.base/java.lang.reflect.Constructor.newInstanceWithCaller(Constructor.java:502)\r\n\tat java.base/java.lang.reflect.Constructor.newInstance(Constructor.java:486)\r\n\tat io.cucumber.core.backend.DefaultObjectFactory.cacheNewInstance(DefaultObjectFactory.java:53)\r\n\t... 45 more\r\nCaused by: java.lang.Error: Unresolved compilation problem: \n\tHooks cannot be resolved to a variable\n\r\n\tat com.saucedemo.tests.CheckoutSteps.<init>(CheckoutSteps.java:20)\r\n\tat java.base/jdk.internal.reflect.DirectConstructorHandleAccessor.newInstance(DirectConstructorHandleAccessor.java:62)\r\n\t... 48 more\r\n","duration":5002700,"status":"failed"},"line":26,"name":"I am logged in to SauceDemo with enter \"standard_user\" and password \"secret_sauce\"","match":{"arguments":[{"val":"\"standard_user\"","offset":39},{"val":"\"secret_sauce\"","offset":68}],"location":"com.saucedemo.tests.CheckoutSteps.i_am_logged_in_to_sauce_demo_with_enter_and_password(java.lang.String,java.lang.String)"},"after":[{"result":{"duration":178094600,"status":"passed"},"match":{"location":"com.saucedemo.tests.SosialMediaSteps.takeScreenshotAfterStep()"}},{"result":{"duration":135067000,"status":"passed"},"match":{"location":"com.saucedemo.tests.LoginSteps.takeScreenshotAfterStep()"}},{"result":{"duration":123026400,"status":"passed"},"match":{"location":"com.saucedemo.tests.InventorySteps.takeScreenshotAfterStep()"}},{"result":{"error_message":"io.cucumber.core.exception.CucumberException: Failed to instantiate class com.saucedemo.tests.CheckoutSteps\r\n\tat io.cucumber.core.backend.DefaultObjectFactory.cacheNewInstance(DefaultObjectFactory.java:67)\r\n\tat io.cucumber.core.backend.DefaultObjectFactory.getInstance(DefaultObjectFactory.java:45)\r\n\tat io.cucumber.java.AbstractGlueDefinition.invokeMethod(AbstractGlueDefinition.java:47)\r\n\tat io.cucumber.java.JavaHookDefinition.execute(JavaHookDefinition.java:64)\r\n\tat io.cucumber.core.runner.CoreHookDefinition.execute(CoreHookDefinition.java:46)\r\n\tat io.cucumber.core.runner.HookDefinitionMatch.runStep(HookDefinitionMatch.java:21)\r\n\tat io.cucumber.core.runner.ExecutionMode$1.execute(ExecutionMode.java:10)\r\n\tat io.cucumber.core.runner.TestStep.executeStep(TestStep.java:84)\r\n\tat io.cucumber.core.runner.TestStep.run(TestStep.java:56)\r\n\tat io.cucumber.core.runner.PickleStepTestStep.run(PickleStepTestStep.java:56)\r\n\tat io.cucumber.core.runner.TestCase.run(TestCase.java:84)\r\n\tat io.cucumber.core.runner.Runner.runPickle(Runner.java:75)\r\n\tat io.cucumber.junit.PickleRunners$NoStepDescriptions.lambda$run$0(PickleRunners.java:151)\r\n\tat io.cucumber.core.runtime.CucumberExecutionContext.lambda$runTestCase$5(CucumberExecutionContext.java:137)\r\n\tat io.cucumber.core.runtime.RethrowingThrowableCollector.executeAndThrow(RethrowingThrowableCollector.java:23)\r\n\tat io.cucumber.core.runtime.CucumberExecutionContext.runTestCase(CucumberExecutionContext.java:137)\r\n\tat io.cucumber.junit.PickleRunners$NoStepDescriptions.run(PickleRunners.java:148)\r\n\tat io.cucumber.junit.FeatureRunner.runChild(FeatureRunner.java:144)\r\n\tat io.cucumber.junit.FeatureRunner.runChild(FeatureRunner.java:28)\r\n\tat org.junit.runners.ParentRunner$4.run(ParentRunner.java:331)\r\n\tat org.junit.runners.ParentRunner$1.schedule(ParentRunner.java:79)\r\n\tat org.junit.runners.ParentRunner.runChildren(ParentRunner.java:329)\r\n\tat org.junit.runners.ParentRunner.access$100(ParentRunner.java:66)\r\n\tat org.junit.runners.ParentRunner$2.evaluate(ParentRunner.java:293)\r\n\tat org.junit.runners.ParentRunner$3.evaluate(ParentRunner.java:306)\r\n\tat org.junit.runners.ParentRunner.run(ParentRunner.java:413)\r\n\tat io.cucumber.junit.FeatureRunner.run(FeatureRunner.java:137)\r\n\tat io.cucumber.junit.Cucumber.runChild(Cucumber.java:196)\r\n\tat io.cucumber.junit.Cucumber.runChild(Cucumber.java:89)\r\n\tat org.junit.runners.ParentRunner$4.run(ParentRunner.java:331)\r\n\tat org.junit.runners.ParentRunner$1.schedule(ParentRunner.java:79)\r\n\tat org.junit.runners.ParentRunner.runChildren(ParentRunner.java:329)\r\n\tat org.junit.runners.ParentRunner.access$100(ParentRunner.java:66)\r\n\tat org.junit.runners.ParentRunner$2.evaluate(ParentRunner.java:293)\r\n\tat io.cucumber.core.runtime.CucumberExecutionContext.lambda$runFeatures$6(CucumberExecutionContext.java:148)\r\n\tat io.cucumber.core.runtime.CucumberExecutionContext.execute(CucumberExecutionContext.java:163)\r\n\tat io.cucumber.core.runtime.CucumberExecutionContext.runFeatures(CucumberExecutionContext.java:146)\r\n\tat io.cucumber.junit.Cucumber$StartAndFinishTestRun.evaluate(Cucumber.java:226)\r\n\tat org.junit.runners.ParentRunner$3.evaluate(ParentRunner.java:306)\r\n\tat org.junit.runners.ParentRunner.run(ParentRunner.java:413)\r\n\tat org.eclipse.jdt.internal.junit4.runner.JUnit4TestReference.run(JUnit4TestReference.java:93)\r\n\tat org.eclipse.jdt.internal.junit.runner.TestExecution.run(TestExecution.java:40)\r\n\tat org.eclipse.jdt.internal.junit.runner.RemoteTestRunner.runTests(RemoteTestRunner.java:520)\r\n\tat org.eclipse.jdt.internal.junit.runner.RemoteTestRunner.runTests(RemoteTestRunner.java:748)\r\n\tat org.eclipse.jdt.internal.junit.runner.RemoteTestRunner.run(RemoteTestRunner.java:443)\r\n\tat org.eclipse.jdt.internal.junit.runner.RemoteTestRunner.main(RemoteTestRunner.java:211)\r\nCaused by: java.lang.reflect.InvocationTargetException\r\n\tat java.base/jdk.internal.reflect.DirectConstructorHandleAccessor.newInstance(DirectConstructorHandleAccessor.java:74)\r\n\tat java.base/java.lang.reflect.Constructor.newInstanceWithCaller(Constructor.java:502)\r\n\tat java.base/java.lang.reflect.Constructor.newInstance(Constructor.java:486)\r\n\tat io.cucumber.core.backend.DefaultObjectFactory.cacheNewInstance(DefaultObjectFactory.java:53)\r\n\t... 45 more\r\nCaused by: java.lang.Error: Unresolved compilation problem: \n\tHooks cannot be resolved to a variable\n\r\n\tat com.saucedemo.tests.CheckoutSteps.<init>(CheckoutSteps.java:20)\r\n\tat java.base/jdk.internal.reflect.DirectConstructorHandleAccessor.newInstance(DirectConstructorHandleAccessor.java:62)\r\n\t... 48 more\r\n","duration":999200,"status":"failed"},"match":{"location":"com.saucedemo.tests.CheckoutSteps.takeScreenshotAfterStep()"}}],"keyword":"Given "},{"result":{"status":"skipped"},"line":27,"name":"I add a product to cart and proceed to checkout","match":{"location":"com.saucedemo.tests.CheckoutSteps.i_add_a_product_to_cart_and_proceed_to_checkout()"},"after":[{"result":{"status":"skipped"},"match":{"location":"com.saucedemo.tests.SosialMediaSteps.takeScreenshotAfterStep()"}},{"result":{"status":"skipped"},"match":{"location":"com.saucedemo.tests.LoginSteps.takeScreenshotAfterStep()"}},{"result":{"status":"skipped"},"match":{"location":"com.saucedemo.tests.InventorySteps.takeScreenshotAfterStep()"}},{"result":{"status":"skipped"},"match":{"location":"com.saucedemo.tests.CheckoutSteps.takeScreenshotAfterStep()"}}],"keyword":"When "},{"result":{"status":"skipped"},"line":28,"name":"I enter checkout details \"John\" \"Doe\" \"12345\"","match":{"arguments":[{"val":"\"John\"","offset":25},{"val":"\"Doe\"","offset":32},{"val":"\"12345\"","offset":38}],"location":"com.saucedemo.tests.CheckoutSteps.i_enter_checkout_details(java.lang.String,java.lang.String,java.lang.String)"},"after":[{"result":{"status":"skipped"},"match":{"location":"com.saucedemo.tests.SosialMediaSteps.takeScreenshotAfterStep()"}},{"result":{"status":"skipped"},"match":{"location":"com.saucedemo.tests.LoginSteps.takeScreenshotAfterStep()"}},{"result":{"status":"skipped"},"match":{"location":"com.saucedemo.tests.InventorySteps.takeScreenshotAfterStep()"}},{"result":{"duration":1006600,"status":"skipped"},"match":{"location":"com.saucedemo.tests.CheckoutSteps.takeScreenshotAfterStep()"}}],"keyword":"And "},{"result":{"status":"skipped"},"line":29,"name":"I should complete the purchase successfully","match":{"location":"com.saucedemo.tests.CheckoutSteps.i_should_complete_the_purchase_successfully()"},"after":[{"result":{"status":"skipped"},"match":{"location":"com.saucedemo.tests.SosialMediaSteps.takeScreenshotAfterStep()"}},{"result":{"duration":1006100,"status":"skipped"},"match":{"location":"com.saucedemo.tests.LoginSteps.takeScreenshotAfterStep()"}},{"result":{"status":"skipped"},"match":{"location":"com.saucedemo.tests.InventorySteps.takeScreenshotAfterStep()"}},{"result":{"status":"skipped"},"match":{"location":"com.saucedemo.tests.CheckoutSteps.takeScreenshotAfterStep()"}}],"keyword":"Then "}],"tags":[{"name":"@checkout"},{"name":"@checkoutSuccess"}]}],"name":"Checkout Process","description":"  I want to use this template for my feature file","id":"checkout-process","keyword":"Feature","uri":"file:src/test/resources/features/checkout.feature","tags":[{"name":"@checkout","type":"Tag","location":{"line":20,"column":1}}]}]